<?xml version="1.0" encoding="UTF-8"?>
<testng-results skipped="0" failed="0" ignored="0" total="1" passed="1">
  <reporter-output>
  </reporter-output>
  <suite name="Suite" duration-ms="18752" started-at="2019-08-04T11:49:05Z" finished-at="2019-08-04T11:49:24Z">
    <groups>
      <group name="cucumber">
        <method signature="AbstractTestNGCucumberTests.feature(cucumber.api.testng.CucumberFeatureWrapper)[pri:0, instance:Testrunner.testrunner@12843fce]" name="feature" class="cucumber.api.testng.AbstractTestNGCucumberTests"/>
      </group> <!-- cucumber -->
    </groups>
    <test name="HomePage" duration-ms="18752" started-at="2019-08-04T11:49:05Z" finished-at="2019-08-04T11:49:24Z">
      <class name="Testrunner.testrunner">
        <test-method status="PASS" signature="setUpClass()[pri:0, instance:Testrunner.testrunner@12843fce]" name="setUpClass" is-config="true" duration-ms="178" started-at="2019-08-04T11:49:05Z" finished-at="2019-08-04T11:49:06Z">
          <reporter-output>
          </reporter-output>
        </test-method> <!-- setUpClass -->
        <test-method status="PASS" signature="feature(cucumber.api.testng.CucumberFeatureWrapper)[pri:0, instance:Testrunner.testrunner@12843fce]" name="feature" duration-ms="18274" started-at="2019-08-04T11:49:06Z" description="Runs Cucumber Feature" data-provider="features" finished-at="2019-08-04T11:49:24Z">
          <params>
            <param index="0">
              <value>
                <![CDATA[Secure Pay contact us page]]>
              </value>
            </param>
          </params>
          <reporter-output>
          </reporter-output>
        </test-method> <!-- feature -->
        <test-method status="PASS" signature="tearDownClass()[pri:0, instance:Testrunner.testrunner@12843fce]" name="tearDownClass" is-config="true" duration-ms="230" started-at="2019-08-04T11:49:24Z" finished-at="2019-08-04T11:49:24Z">
          <reporter-output>
          </reporter-output>
        </test-method> <!-- tearDownClass -->
      </class> <!-- Testrunner.testrunner -->
    </test> <!-- HomePage -->
  </suite> <!-- Suite -->
</testng-results>
